生成启动时间为 2019/10/21 22:45:15。
     1>项目“c:\Users\黄平\documents\visual studio 2013\Projects\2019_10_21pm\2019_10_21pm\2019_10_21pm.vcxproj”在节点 2 上(Build 个目标)。
     1>ClCompile:
         E:\VS2013\VC\bin\CL.exe /c /ZI /nologo /W3 /WX- /sdl /Od /Oy- /D _MBCS /Gm /EHsc /RTC1 /MDd /GS /fp:precise /Zc:wchar_t /Zc:forScope /Fo"Debug\\" /Fd"Debug\vc120.pdb" /Gd /TP /analyze- /errorReport:prompt Test.cpp
         Test.cpp
     1>c:\users\黄平\documents\visual studio 2013\projects\2019_10_21pm\2019_10_21pm\test.cpp(162): warning C4018: “<”: 有符号/无符号不匹配
                 c:\users\黄平\documents\visual studio 2013\projects\2019_10_21pm\2019_10_21pm\test.cpp(159): 编译类 模板 成员函数“bite::list<int>::list(int,const T &)”时
                 with
                 [
                     T=int
                 ]
                 c:\users\黄平\documents\visual studio 2013\projects\2019_10_21pm\2019_10_21pm\test.cpp(375): 参见对正在编译的函数 模板 实例化“bite::list<int>::list(int,const T &)”的引用
                 with
                 [
                     T=int
                 ]
                 c:\users\黄平\documents\visual studio 2013\projects\2019_10_21pm\2019_10_21pm\test.cpp(374): 参见对正在编译的类 模板 实例化“bite::list<int>”的引用
       Link:
         E:\VS2013\VC\bin\link.exe /ERRORREPORT:PROMPT /OUT:"c:\users\黄平\documents\visual studio 2013\Projects\2019_10_21pm\Debug\2019_10_21pm.exe" /INCREMENTAL /NOLOGO kernel32.lib user32.lib gdi32.lib winspool.lib comdlg32.lib advapi32.lib shell32.lib ole32.lib oleaut32.lib uuid.lib odbc32.lib odbccp32.lib /MANIFEST /MANIFESTUAC:"level='asInvoker' uiAccess='false'" /manifest:embed /DEBUG /PDB:"c:\users\黄平\documents\visual studio 2013\Projects\2019_10_21pm\Debug\2019_10_21pm.pdb" /TLBID:1 /DYNAMICBASE /NXCOMPAT /IMPLIB:"c:\users\黄平\documents\visual studio 2013\Projects\2019_10_21pm\Debug\2019_10_21pm.lib" /MACHINE:X86 Debug\Test.obj
         2019_10_21pm.vcxproj -> c:\users\黄平\documents\visual studio 2013\Projects\2019_10_21pm\Debug\2019_10_21pm.exe
     1>已完成生成项目“c:\Users\黄平\documents\visual studio 2013\Projects\2019_10_21pm\2019_10_21pm\2019_10_21pm.vcxproj”(Build 个目标)的操作。

生成成功。

已用时间 00:00:02.63
