生成启动时间为 2019/11/2 12:33:36。
     1>项目“c:\Users\黄平\documents\visual studio 2013\Projects\2019_11_2_am\2019_11_2_am\2019_11_2_am.vcxproj”在节点 2 上(Build 个目标)。
     1>ClCompile:
         E:\VS2013\VC\bin\CL.exe /c /ZI /nologo /W3 /WX- /sdl /Od /Oy- /D _MBCS /Gm /EHsc /RTC1 /MDd /GS /fp:precise /Zc:wchar_t /Zc:forScope /Fo"Debug\\" /Fd"Debug\vc120.pdb" /Gd /TP /analyze- /errorReport:prompt Test2.cpp
         Test2.cpp
     1>c:\users\黄平\documents\visual studio 2013\projects\2019_11_2_am\2019_11_2_am\test2.cpp(78): warning C4018: “<”: 有符号/无符号不匹配
                 c:\users\黄平\documents\visual studio 2013\projects\2019_11_2_am\2019_11_2_am\test2.cpp(75): 编译类 模板 成员函数“void bit::priority_queue<int,std::vector<T,std::allocator<_Ty>>,std::less<_Ty>>::AdjustDown(int)”时
                 with
                 [
                     T=int
         ,            _Ty=int
                 ]
                 c:\users\黄平\documents\visual studio 2013\projects\2019_11_2_am\2019_11_2_am\test2.cpp(53): 参见对正在编译的函数 模板 实例化“void bit::priority_queue<int,std::vector<T,std::allocator<_Ty>>,std::less<_Ty>>::AdjustDown(int)”的引用
                 with
                 [
                     T=int
         ,            _Ty=int
                 ]
                 c:\users\黄平\documents\visual studio 2013\projects\2019_11_2_am\2019_11_2_am\test2.cpp(135): 参见对正在编译的类 模板 实例化“bit::priority_queue<int,std::vector<T,std::allocator<_Ty>>,std::less<_Ty>>”的引用
                 with
                 [
                     T=int
         ,            _Ty=int
                 ]
     1>c:\users\黄平\documents\visual studio 2013\projects\2019_11_2_am\2019_11_2_am\test2.cpp(81): warning C4018: “<”: 有符号/无符号不匹配
       Link:
         E:\VS2013\VC\bin\link.exe /ERRORREPORT:PROMPT /OUT:"c:\users\黄平\documents\visual studio 2013\Projects\2019_11_2_am\Debug\2019_11_2_am.exe" /INCREMENTAL /NOLOGO kernel32.lib user32.lib gdi32.lib winspool.lib comdlg32.lib advapi32.lib shell32.lib ole32.lib oleaut32.lib uuid.lib odbc32.lib odbccp32.lib /MANIFEST /MANIFESTUAC:"level='asInvoker' uiAccess='false'" /manifest:embed /DEBUG /PDB:"c:\users\黄平\documents\visual studio 2013\Projects\2019_11_2_am\Debug\2019_11_2_am.pdb" /TLBID:1 /DYNAMICBASE /NXCOMPAT /IMPLIB:"c:\users\黄平\documents\visual studio 2013\Projects\2019_11_2_am\Debug\2019_11_2_am.lib" /MACHINE:X86 Debug\Test2.obj
         2019_11_2_am.vcxproj -> c:\users\黄平\documents\visual studio 2013\Projects\2019_11_2_am\Debug\2019_11_2_am.exe
     1>已完成生成项目“c:\Users\黄平\documents\visual studio 2013\Projects\2019_11_2_am\2019_11_2_am\2019_11_2_am.vcxproj”(Build 个目标)的操作。

生成成功。

已用时间 00:00:01.00
